<?xml version="1.0" encoding="UTF-8"?>
<testsuite xmlns:xsi="http://www.w3.org/2001/XMLSchema-instance" xsi:noNamespaceSchemaLocation="https://maven.apache.org/surefire/maven-surefire-plugin/xsd/surefire-test-report.xsd" version="3.0.2" name="com.example.CompressorApplicationTests" time="5.314" tests="1" errors="0" skipped="0" failures="0">
  <properties>
[...]
</properties>
  <testcase name="contextLoads" classname="com.example.CompressorApplicationTests" time="1.314">
    <system-out><![CDATA[00:51:15.355 [main] INFO org.springframework.test.context.support.AnnotationConfigContextLoaderUtils -- Could not detect default configuration classes for test class [com.example.CompressorApplicationTests]: CompressorApplicationTests does not declare any static, non-private, non-final, nested classes annotated with @Configuration.
00:51:15.597 [main] INFO org.springframework.boot.test.context.SpringBootTestContextBootstrapper -- Found @SpringBootConfiguration com.example.CompressorApplication for test class com.example.CompressorApplicationTests
00:51:16.020 [main] INFO org.springframework.boot.devtools.restart.RestartApplicationListener -- Restart disabled due to context in which it is running

  .   ____          _            __ _ _
 /\\ / ___'_ __ _ _(_)_ __  __ _ \ \ \ \
( ( )\___ | '_ | '_| | '_ \/ _` | \ \ \ \
 \\/  ___)| |_)| | | | | || (_| |  ) ) ) )
  '  |____| .__|_| |_|_| |_\__, | / / / /
 =========|_|==============|___/=/_/_/_/

 :: Spring Boot ::                (v3.5.5)

2025-09-01T00:51:16.593+05:30  INFO 22436 --- [Compressor] [           main] com.example.CompressorApplicationTests   : Starting CompressorApplicationTests using Java 17.0.9 with PID 22436 (started by Nitish Shukla in D:\bcaproject\Compressor)
2025-09-01T00:51:16.595+05:30  INFO 22436 --- [Compressor] [           main] com.example.CompressorApplicationTests   : No active profile set, falling back to 1 default profile: "default"
2025-09-01T00:51:18.245+05:30  INFO 22436 --- [Compressor] [           main] o.s.b.a.w.s.WelcomePageHandlerMapping    : Adding welcome page template: index
2025-09-01T00:51:19.002+05:30  INFO 22436 --- [Compressor] [           main] com.example.CompressorApplicationTests   : Started CompressorApplicationTests in 3.014 seconds (process running for 5.535)
]]></system-out>
  </testcase>
</testsuite>